=========================
FCITX 4.2.9.7 -- Get Signal No.: 6
Date: try "date -d @1614159725" if you are using GNU date ***
ProcessID: 729
fcitx(+0x17d6)[0x55c0ae5a67d6]
/usr/lib/libc.so.6(+0x3cf80)[0x7f7b23af4f80]
/usr/lib/libc.so.6(gsignal+0x145)[0x7f7b23af4ef5]
/usr/lib/libc.so.6(abort+0x116)[0x7f7b23ade862]
/usr/lib/libc.so.6(+0x7ef78)[0x7f7b23b36f78]
/usr/lib/libc.so.6(+0x86c2a)[0x7f7b23b3ec2a]
/usr/lib/libc.so.6(+0x88153)[0x7f7b23b40153]
/usr/lib/libc.so.6(cfree+0x68)[0x7f7b23b43ce8]
/usr/lib/fcitx/fcitx-sogoupinyin.so(+0x346e4)[0x7f7b1fcc76e4]
/usr/lib/fcitx/fcitx-sogoupinyin.so(+0x34635)[0x7f7b1fcc7635]
/usr/lib/fcitx/fcitx-sogoupinyin.so(+0x34561)[0x7f7b1fcc7561]
/usr/lib/fcitx/fcitx-sogoupinyin.so(+0x3437e)[0x7f7b1fcc737e]
/usr/lib/fcitx/fcitx-sogoupinyin.so(+0x33e19)[0x7f7b1fcc6e19]
/usr/lib/fcitx/fcitx-sogoupinyin.so(+0x33df6)[0x7f7b1fcc6df6]
/usr/lib/fcitx/fcitx-sogoupinyin.so(+0x33df6)[0x7f7b1fcc6df6]
/usr/lib/fcitx/fcitx-sogoupinyin.so(+0x33df6)[0x7f7b1fcc6df6]
/usr/lib/fcitx/fcitx-sogoupinyin.so(+0x33df6)[0x7f7b1fcc6df6]
/usr/lib/fcitx/fcitx-sogoupinyin.so(+0x33ae2)[0x7f7b1fcc6ae2]
/usr/lib/fcitx/fcitx-sogoupinyin.so(+0x3476c)[0x7f7b1fcc776c]
/usr/lib/libc.so.6(+0x3f697)[0x7f7b23af7697]
/usr/lib/libc.so.6(+0x3f83e)[0x7f7b23af783e]
/usr/lib/libX11.so.6(+0x4382f)[0x7f7b232a682f]
/usr/lib/libX11.so.6(_XIOError+0x67)[0x7f7b232a6ba7]
/usr/lib/libX11.so.6(_XReply+0x433)[0x7f7b232a4a23]
/usr/lib/libX11.so.6(XSync+0x4d)[0x7f7b2329ffad]
/usr/lib/libX11.so.6(XCloseDisplay+0x7d)[0x7f7b232812bd]
/usr/lib/fcitx/fcitx-sogoupinyin.so(+0x3710c)[0x7f7b1fcca10c]
/usr/lib/libfcitx-core.so.0(+0x9c97)[0x7f7b23cdcc97]
/usr/lib/libfcitx-core.so.0(FcitxInstanceRun+0x57)[0x7f7b23cdcdb7]
fcitx(+0x113e)[0x55c0ae5a613e]
/usr/lib/libc.so.6(__libc_start_main+0xd5)[0x7f7b23adfb25]
fcitx(+0x11be)[0x55c0ae5a61be]
